build time -- 2022-05-26 18:57:01.263062
  Beginning Test, file ESMF_StateReconcileProxyUTest.F90, line 244
  Beginning Test, file ESMF_StateReconcileProxyUTest.F90, line 244
  Beginning Test, file ESMF_StateReconcileProxyUTest.F90, line 244
  Beginning Test, file ESMF_StateReconcileProxyUTest.F90, line 244
  NUMBER_OF_PROCESSORS            4
  NUMBER_OF_PROCESSORS            4
  NUMBER_OF_PROCESSORS            4
  NUMBER_OF_PROCESSORS            4
MPT ERROR: Rank 0(g:0) received signal SIGSEGV(11).
	Process ID: 10911, Host: r14i3n27, Program: /glade/scratch/sacks/esmf-testing/nvhpc_22.2_mpt_g_release_8.3.0/test/testg/Linux.nvhpc.64.mpt.default/ESMF_StateReconcileProxyUTest
	MPT Version: HPE MPT 2.25  08/14/21 03:05:20

MPT: --------stack traceback-------
MPT: Attaching to program: /proc/10911/exe, process 10911
MPT: (No debugging symbols found in /usr/lib64/gcc/x86_64-suse-linux/4.8/../../../../lib64/libcurl.so.4)
MPT: Missing separate debuginfo for /glade/u/apps/ch/os/lib64/libm.so.6
MPT: Try: zypper install -C "debuginfo(build-id)=cc12cf31ea4a157ebc7ac7bdfc09d5bfa3e0f3e0"
MPT: (No debugging symbols found in /glade/u/apps/ch/os/lib64/libm.so.6)
MPT: Missing separate debuginfo for /glade/u/apps/ch/os/lib64/libdl.so.2
MPT: Try: zypper install -C "debuginfo(build-id)=86536433e7d5a205deca926f6f00436b2ff206b1"
MPT: (No debugging symbols found in /glade/u/apps/ch/os/lib64/libdl.so.2)
MPT: Missing separate debuginfo for /glade/u/apps/ch/os/lib64/librt.so.1
MPT: Try: zypper install -C "debuginfo(build-id)=e12cd7e73c31cb8765cba03a3c2f9efc2d043ff8"
MPT: (No debugging symbols found in /glade/u/apps/ch/os/lib64/librt.so.1)
MPT: Missing separate debuginfo for /glade/u/apps/ch/os/lib64/libpthread.so.0
MPT: Try: zypper install -C "debuginfo(build-id)=9fa703da2a52d78cc49877c18843db7b1ad9049b"
MPT: (No debugging symbols found in /glade/u/apps/ch/os/lib64/libpthread.so.0)
MPT: [Thread debugging using libthread_db enabled]
MPT: Using host libthread_db library "/glade/u/apps/ch/os/lib64/libthread_db.so.1".
MPT: (No debugging symbols found in /glade/u/apps/opt/nvhpc/22.2/Linux_x86_64/22.2/compilers/lib/libnvhpcatm.so)
MPT: (No debugging symbols found in /usr/lib64/gcc/x86_64-suse-linux/4.8/../../../../lib64/libstdc++.so.6)
MPT: (No debugging symbols found in /glade/u/apps/opt/nvhpc/22.2/Linux_x86_64/22.2/compilers/lib/libnvf.so)
MPT: (No debugging symbols found in /glade/u/apps/opt/nvhpc/22.2/Linux_x86_64/22.2/compilers/lib/libnvcpumath.so)
MPT: (No debugging symbols found in /glade/u/apps/opt/nvhpc/22.2/Linux_x86_64/22.2/compilers/lib/libnvc.so)
MPT: Missing separate debuginfo for /glade/u/apps/ch/os/lib64/libc.so.6
MPT: Try: zypper install -C "debuginfo(build-id)=72aaaa4006e91624304a210a7f945b61d3d643b4"
MPT: (No debugging symbols found in /glade/u/apps/ch/os/lib64/libc.so.6)
MPT: Missing separate debuginfo for /glade/u/apps/ch/os/lib64/libgcc_s.so.1
MPT: Try: zypper install -C "debuginfo(build-id)=c7e890ab90e29cffd785bf25e7d90f2f0af3a102"
MPT: (No debugging symbols found in /glade/u/apps/ch/os/lib64/libgcc_s.so.1)
MPT: (No debugging symbols found in /usr/lib64/gcc/x86_64-suse-linux/4.8/../../../../lib64/libatomic.so.1)
MPT: (No debugging symbols found in /usr/lib64/gcc/x86_64-suse-linux/4.8/../../../../lib64/libnghttp2.so.14)
MPT: (No debugging symbols found in /usr/lib64/gcc/x86_64-suse-linux/4.8/../../../../lib64/libssh.so.4)
MPT: Missing separate debuginfo for /glade/u/apps/ch/os/lib64/libssl.so.1.0.0
MPT: Try: zypper install -C "debuginfo(build-id)=7607ed9b6a82bfaecf5318ac9d65cae5a22865ef"
MPT: (No debugging symbols found in /glade/u/apps/ch/os/lib64/libssl.so.1.0.0)
MPT: Missing separate debuginfo for /glade/u/apps/ch/os/lib64/libcrypto.so.1.0.0
MPT: Try: zypper install -C "debuginfo(build-id)=63a385acb8b045f7cfa7b53e2d9bfb745edc1693"
MPT: (No debugging symbols found in /glade/u/apps/ch/os/lib64/libcrypto.so.1.0.0)
MPT: (No debugging symbols found in /usr/lib64/gcc/x86_64-suse-linux/4.8/../../../../lib64/libgssapi_krb5.so.2)
MPT: (No debugging symbols found in /usr/lib64/gcc/x86_64-suse-linux/4.8/../../../../lib64/libldap-2.4.so.2)
MPT: (No debugging symbols found in /usr/lib64/gcc/x86_64-suse-linux/4.8/../../../../lib64/liblber-2.4.so.2)
MPT: (No debugging symbols found in /lib64/ld-linux-x86-64.so.2)
MPT: (No debugging symbols found in /usr/lib64/gcc/x86_64-suse-linux/4.8/../../../../lib64/libkrb5.so.3)
MPT: (No debugging symbols found in /usr/lib64/gcc/x86_64-suse-linux/4.8/../../../../lib64/libk5crypto.so.3)
MPT: (No debugging symbols found in /usr/lib64/gcc/x86_64-suse-linux/4.8/../../../../lib64/libcom_err.so.2)
MPT: (No debugging symbols found in /usr/lib64/gcc/x86_64-suse-linux/4.8/../../../../lib64/libkrb5support.so.0)
MPT: Missing separate debuginfo for /glade/u/apps/ch/os/lib64/libresolv.so.2
MPT: Try: zypper install -C "debuginfo(build-id)=89f1290f62c61ee8f268234c5cff893c1e99c751"
MPT: (No debugging symbols found in /glade/u/apps/ch/os/lib64/libresolv.so.2)
MPT: (No debugging symbols found in /usr/lib64/gcc/x86_64-suse-linux/4.8/../../../../lib64/libsasl2.so.3)
MPT: Missing separate debuginfo for /glade/u/apps/ch/os/lib64/libkeyutils.so.1
MPT: Try: zypper install -C "debuginfo(build-id)=8982882fa17c60fed02166f229335a9d0eaf77c9"
MPT: (No debugging symbols found in /glade/u/apps/ch/os/lib64/libkeyutils.so.1)
MPT: Missing separate debuginfo for /glade/u/apps/ch/os/lib64/libselinux.so.1
MPT: Try: zypper install -C "debuginfo(build-id)=0627d20b9e481e6a9c6fcacaf8e3f5c2318529cf"
MPT: (No debugging symbols found in /glade/u/apps/ch/os/lib64/libselinux.so.1)
MPT: (No debugging symbols found in /usr/lib64/gcc/x86_64-suse-linux/4.8/../../../../lib64/libpcre.so.1)
MPT: (No debugging symbols found in /usr/lib64/gcc/x86_64-suse-linux/4.8/../../../../lib64/libibverbs.so.1)
MPT: (No debugging symbols found in /usr/lib64/gcc/x86_64-suse-linux/4.8/../../../../lib64/libnl-route-3.so.200)
MPT: (No debugging symbols found in /usr/lib64/gcc/x86_64-suse-linux/4.8/../../../../lib64/libnl-3.so.200)
MPT: (No debugging symbols found in /usr/lib64/gcc/x86_64-suse-linux/4.8/../../../../lib64/libmlx5.so.1)
MPT: 0x00002b28dbf237da in waitpid ()
MPT:    from /glade/u/apps/ch/os/lib64/libpthread.so.0
MPT: Missing separate debuginfos, use: zypper install glibc-debuginfo-2.22-100.27.3.x86_64 krb5-debuginfo-1.12.5-40.37.7.x86_64 libatomic1-debuginfo-9.3.1+git1296-1.7.2.x86_64 libcom_err2-debuginfo-1.43.8-3.14.1.x86_64 libcurl4-debuginfo-7.60.0-4.15.2.x86_64 libibverbs-debuginfo-41mlnx1-OFED.4.7.0.0.2.47329.x86_64 libldap-2_4-2-debuginfo-2.4.41-18.71.2.x86_64 libmlx5-debuginfo-41mlnx1-OFED.4.7.0.3.3.47329.x86_64 libnghttp2-14-debuginfo-1.7.1-1.84.x86_64 libnl3-200-debuginfo-3.2.23-2.21.x86_64 libpcre1-debuginfo-8.39-8.3.1.x86_64 libsasl2-3-debuginfo-2.1.26-8.10.1.x86_64 libssh4-debuginfo-0.6.3-12.12.1.x86_64 libstdc++6-debuginfo-9.3.1+git1296-1.7.2.x86_64
MPT: (gdb) #0  0x00002b28dbf237da in waitpid ()
MPT:    from /glade/u/apps/ch/os/lib64/libpthread.so.0
MPT: #1  0x00002b28dc268c66 in mpi_sgi_system (
MPT: #2  MPI_SGI_stacktraceback (
MPT:     header=header@entry=0x7ffc9edfafd0 "MPT ERROR: Rank 0(g:0) received signal SIGSEGV(11).\n\tProcess ID: 10911, Host: r14i3n27, Program: /glade/scratch/sacks/esmf-testing/nvhpc_22.2_mpt_g_release_8.3.0/test/testg/Linux.nvhpc.64.mpt.default/"...) at sig.c:340
MPT: #3  0x00002b28dc268e66 in first_arriver_handler (signo=signo@entry=11, 
MPT:     stack_trace_sem=stack_trace_sem@entry=0x2b28e3120080) at sig.c:489
MPT: #4  0x00002b28dc2690f3 in slave_sig_handler (signo=11, 
MPT:     siginfo=<optimized out>, extra=<optimized out>) at sig.c:565
MPT: #5  <signal handler called>
MPT: #6  0x00002b28d80f40b4 in ESMCI::LogErr::MsgFoundError (rcToCheck=0, 
MPT:     msg=0x2b28d9e81d7c <.S70881> "Internal subroutine call returned Error", 
MPT:     LINE=1755, FILE=0x2b28d9e81d6c <.S70883> "ESMCI_MeshCap.C", 
MPT:     method=0x2b28d9e81bf6 <.S71239> "MeshCap::meshcreatenodedistgrid()", 
MPT:     rcToReturn=0x4f1b591)
MPT:     at /glade/scratch/sacks/esmf-testing/nvhpc_22.2_mpt_g_release_8.3.0/src/Infrastructure/LogErr/src/ESMCI_LogErr.C:586
MPT: #7  0x00002b28d83154bf in ESMCI::MeshCap::meshcreatenodedistgrid (
MPT:     rc=0x4f1b591)
MPT:     at /glade/scratch/sacks/esmf-testing/nvhpc_22.2_mpt_g_release_8.3.0/src/Infrastructure/Mesh/src/ESMCI_MeshCap.C:1754
MPT: #8  0x00002b28d8368701 in c_esmc_meshcreatenodedistgrid_ (
MPT:     meshpp=0x7ffc9edfbee0, rc=0x7ffc9edfbc64)
MPT:     at /glade/scratch/sacks/esmf-testing/nvhpc_22.2_mpt_g_release_8.3.0/src/Infrastructure/Mesh/interface/ESMCI_Mesh_F.C:247
MPT: #9  0x00002b28d903eee6 in esmf_meshmod::esmf_meshcreatefromgrid (grid=..., 
MPT:     name=<error reading variable: Cannot access memory at address 0x0>, rc=0)
MPT:     at /glade/scratch/sacks/esmf-testing/nvhpc_22.2_mpt_g_release_8.3.0/src/Infrastructure/Mesh/interface/ESMF_Mesh.F90:1595
MPT: #10 0x0000000000407d24 in subcomp_mod::init (gcomp=..., istate=..., 
MPT:     estate=..., clock=..., rc=0) at ESMF_StateReconcileProxyUTest.F90:107
MPT: #11 0x00002b28d7f41870 in ESMCI::FTable::callVFuncPtr (
MPT:     name=0x34c0a90 "InitializeIC01P", vm_pointer=0x3498000, 
MPT:     userrc=0x7ffc9edfc6f4)
MPT:     at /glade/scratch/sacks/esmf-testing/nvhpc_22.2_mpt_g_release_8.3.0/src/Superstructure/Component/src/ESMCI_FTable.C:2167
MPT: #12 0x00002b28d7f3cad3 in ESMCI_FTableCallEntryPointVMHop (vm=0x3498000, 
MPT:     cargoCast=0x34c0a90)
MPT:     at /glade/scratch/sacks/esmf-testing/nvhpc_22.2_mpt_g_release_8.3.0/src/Superstructure/Component/src/ESMCI_FTable.C:824
MPT: #13 0x00002b28d8793b7b in ESMCI::VMK::enter (vmp=0x3497160, arg=0x34c06c0, 
MPT:     argvmkt=0x34c0a90)
MPT:     at /glade/scratch/sacks/esmf-testing/nvhpc_22.2_mpt_g_release_8.3.0/src/Infrastructure/VM/src/ESMCI_VMKernel.C:2308
MPT: #14 0x00002b28d87bbb3e in ESMCI::VM (vmp=0x3497160, info=0x34c06c0, 
MPT:     cargo=0x34c0a90)
MPT:     at /glade/scratch/sacks/esmf-testing/nvhpc_22.2_mpt_g_release_8.3.0/src/Infrastructure/VM/src/ESMCI_VM.C:1216
MPT: #15 0x00002b28d7f3cf93 in c_esmc_ftablecallentrypointvm_ (f90comp=0x34bf220, 
MPT:     ptr_vm_parent=0x34bf240, ptr_vmplan=0x34bf2e8, vm_info=0x34bf2f8, 
MPT:     vm_cargo=0x34bf300, ptr=0x34be790, 
MPT:     method=0x2b28dad8e728 <_esmf_compmod_8_+40>, phase=0x7ffc9edfca1c, 
MPT:     port=0x7ffc9edfca18, timeout=0x7ffc9edfca14, recursionCount=0x34bf308, 
MPT:     rc=0x7ffc9edfca3c)
MPT:     at /glade/scratch/sacks/esmf-testing/nvhpc_22.2_mpt_g_release_8.3.0/src/Superstructure/Component/src/ESMCI_FTable.C:981
MPT: #16 0x00002b28d8aef166 in esmf_compmod::esmf_compexecute (compp=0x34be790, 
MPT:     method=..., 
MPT:     importstate=<error reading variable: Cannot access memory at address 0x0>, exportstate=..., 
MPT:     clock=<error reading variable: Cannot access memory at address 0x0>, 
MPT:     syncflag=<error reading variable: Cannot access memory at address 0x0>, 
MPT:     phase=0, port=0, timeout=-1629500636, userrc=0, rc=-1629500540)
MPT:     at /glade/scratch/sacks/esmf-testing/nvhpc_22.2_mpt_g_release_8.3.0/src/Superstructure/Component/src/ESMF_Comp.F90:1222
MPT: #17 0x00002b28d8dc245e in esmf_gridcompmod::esmf_gridcompinitialize (
MPT:     gridcomp=..., keywordenforcer=..., 
MPT:     importstate=<error reading variable: Cannot access memory at address 0x0>, exportstate=..., 
MPT:     clock=<error reading variable: Cannot access memory at address 0x0>, 
MPT:     syncflag=<error reading variable: Cannot access memory at address 0x0>, 
MPT:     phase=0, timeout=0, timeoutflag=.FALSE., userrc=0, rc=-1629498556)
MPT:     at /glade/scratch/sacks/esmf-testing/nvhpc_22.2_mpt_g_release_8.3.0/src/Superstructure/Component/src/ESMF_GridComp.F90:1407
MPT: #18 0x0000000000408d49 in esmf_statereconcileproxyutest ()
MPT:     at ESMF_StateReconcileProxyUTest.F90:275
MPT: #19 0x0000000000406f73 in main ()
MPT: #20 0x00002b28de885a35 in __libc_start_main ()
MPT:    from /glade/u/apps/ch/os/lib64/libc.so.6
MPT: #21 0x0000000000406e69 in _start () at ../sysdeps/x86_64/start.S:118
MPT: (gdb) A debugging session is active.
MPT: 
MPT: 	Inferior 1 [process 10911] will be detached.
MPT: 
MPT: Quit anyway? (y or n) [answered Y; input not from terminal]
MPT: Detaching from program: /proc/10911/exe, process 10911
MPT: [Inferior 1 (process 10911) detached]

MPT: -----stack traceback ends-----
MPT: On host r14i3n27, Program /glade/scratch/sacks/esmf-testing/nvhpc_22.2_mpt_g_release_8.3.0/test/testg/Linux.nvhpc.64.mpt.default/ESMF_StateReconcileProxyUTest, Rank 0, Process 10911: Dumping core on signal SIGSEGV(11) into directory /glade/scratch/sacks/esmf-testing/nvhpc_22.2_mpt_g_release_8.3.0/test/testg/Linux.nvhpc.64.mpt.default
MPT ERROR: MPI_COMM_WORLD rank 0 has terminated without calling MPI_Finalize()
	aborting job
MPT: Received signal 11
