build time -- 2022-06-02 02:57:52.022878
 --------------------------------------- 
 --------------------------------------- 
 --------------------------------------- 
 --------------------------------------- 
 --------------------------------------- 
 Start of  System Test ESMF_TransferMeshSTest
 Start of  System Test ESMF_TransferMeshSTest
 --------------------------------------- 
 --------------------------------------- 
 Start of  System Test ESMF_TransferMeshSTest
 --------------------------------------- 
 Start of  System Test ESMF_TransferMeshSTest
 --------------------------------------- 
 Start of  System Test ESMF_TransferMeshSTest
 --------------------------------------- 
 --------------------------------------- 
 Start of  System Test ESMF_TransferMeshSTest
 --------------------------------------- 
 Created component user model 1rc =            0
 Created component user model 1rc =            0
 Created component user model 1rc =            0
 Created component user model 1rc =            0
 Created component user model 1rc =            0
 Created component user model 1rc =            0
 Created component user model 2rc =            0
 Created component user model 2rc =            0
 Created component user model 2rc =            0
 Created component user model 2rc =            0
 Created component user model 2rc =            0
 Created component user model 2rc =            0
 Created component user one-way coupler, rc =            0
 Created component user one-way coupler, rc =            0
 Comp Creates finished
 Comp Creates finished
 Created component user one-way coupler, rc =            0
 Comp Creates finished
 Created component user one-way coupler, rc =            0
 Comp Creates finished
 Created component user one-way coupler, rc =            0
 Comp Creates finished
 Created component user one-way coupler, rc =            0
 Comp Creates finished
 Comp1 SetVM finished, rc=             0
 Comp1 SetVM finished, rc=             0
 Comp1 SetVM finished, rc=             0
 Comp1 SetVM finished, rc=             0
 Comp1 SetVM finished, rc=             0
 Comp1 SetVM finished, rc=             0
 Comp1 SetServices finished, rc=             0
 Comp1 SetServices finished, rc=             0
 Comp2 SetVM finished, rc=             0
 Comp2 SetVM finished, rc=             0
 User Comp1 Register starting
 User Comp1 Register starting
 Registered Initialize, Run, and Finalize routines
 User Comp1 Register returning
 Registered Initialize, Run, and Finalize routines
 User Comp1 Register returning
 User Comp2 Register starting
 Registered Initialize, Run, and Finalize routines
 User Comp2 Register returning
 Comp1 SetServices finished, rc=             0
 Comp1 SetServices finished, rc=             0
 Comp2 SetServices finished, rc=             0
 Comp2 SetVM finished, rc=             0
 Comp1 SetServices finished, rc=             0
 Comp2 SetVM finished, rc=             0
 Comp1 SetServices finished, rc=             0
 Comp2 SetVM finished, rc=             0
 Comp2 SetServices finished, rc=             0
 Comp2 SetVM finished, rc=             0
 Comp2 SetServices finished, rc=             0
 Comp2 SetServices finished, rc=             0
 Comp2 SetServices finished, rc=             0
 Comp2 SetServices finished, rc=             0
 Cpl SetVM finished, rc=             0
 Cpl SetVM finished, rc=             0
 Cpl SetVM finished, rc=             0
 Cpl SetVM finished, rc=             0
 Cpl SetVM finished, rc=             0
 Cpl SetVM finished, rc=             0
 User Coupler Register starting
 User Coupler Register starting
 Registered Initialize, Run, and Finalize routines
 User Coupler Register starting
 Registered Initialize, Run, and Finalize routines
 User Coupler Register returning
 Registered Initialize, Run, and Finalize routines
 User Coupler Register returning
 Cpl SetServices finished, rc=             0
 User Coupler Register returning
 Cpl SetServices finished, rc=             0
 Cpl SetServices finished, rc=             0
 User Coupler Register starting
 User Coupler Register starting
 Registered Initialize, Run, and Finalize routines
 Registered Initialize, Run, and Finalize routines
 User Coupler Register returning
 User Coupler Register starting
 User Coupler Register returning
 Cpl SetServices finished, rc=             0
 Registered Initialize, Run, and Finalize routines
 User Coupler Register returning
 Cpl SetServices finished, rc=             0
 Cpl SetServices finished, rc=             0
 Comp 1 Initialize phase=1 finished, rc =            0            0
 User Comp1 Init phase=1 starting
 Comp 1 Initialize phase=1 finished, rc =            0            0
 User Comp1 Init phase=1 starting
 User Comp2 Init phase=1 starting
 User Comp2 Init phase=1 returning
 Comp 2 Initialize phase=1 finished, rc =            0            0
 Comp 2 Initialize phase=1 finished, rc =            0            0
 User Coupler Init phase=1 starting
 User Coupler Init phase=1 starting
MPT ERROR: Rank 0(g:0) received signal SIGSEGV(11).
	Process ID: 991, Host: r14i3n29, Program: /glade/scratch/dunlap/esmf-testing/nvhpc_22.2_mpt_g_release_8.3.0/test/testg/Linux.nvhpc.64.mpt.default/ESMF_TransferMeshSTest
	MPT Version: HPE MPT 2.25  08/14/21 03:05:20

MPT: --------stack traceback-------
MPT: Attaching to program: /proc/991/exe, process 991
MPT: [New LWP 1004]
MPT: Missing separate debuginfo for /glade/u/apps/ch/os/lib64/libm.so.6
MPT: Try: zypper install -C "debuginfo(build-id)=cc12cf31ea4a157ebc7ac7bdfc09d5bfa3e0f3e0"
MPT: Missing separate debuginfo for /glade/u/apps/ch/os/lib64/libdl.so.2
MPT: Try: zypper install -C "debuginfo(build-id)=86536433e7d5a205deca926f6f00436b2ff206b1"
MPT: Missing separate debuginfo for /glade/u/apps/ch/os/lib64/librt.so.1
MPT: Try: zypper install -C "debuginfo(build-id)=e12cd7e73c31cb8765cba03a3c2f9efc2d043ff8"
MPT: Missing separate debuginfo for /glade/u/apps/ch/os/lib64/libpthread.so.0
MPT: Try: zypper install -C "debuginfo(build-id)=9fa703da2a52d78cc49877c18843db7b1ad9049b"
MPT: [Thread debugging using libthread_db enabled]
MPT: Using host libthread_db library "/glade/u/apps/ch/os/lib64/libthread_db.so.1".
MPT: Missing separate debuginfo for /glade/u/apps/ch/os/lib64/libc.so.6
MPT: Try: zypper install -C "debuginfo(build-id)=72aaaa4006e91624304a210a7f945b61d3d643b4"
MPT: Missing separate debuginfo for /glade/u/apps/ch/os/lib64/libgcc_s.so.1
MPT: Try: zypper install -C "debuginfo(build-id)=c7e890ab90e29cffd785bf25e7d90f2f0af3a102"
MPT: Missing separate debuginfo for /glade/u/apps/ch/os/lib64/libssl.so.1.0.0
MPT: Try: zypper install -C "debuginfo(build-id)=7607ed9b6a82bfaecf5318ac9d65cae5a22865ef"
MPT: Missing separate debuginfo for /glade/u/apps/ch/os/lib64/libcrypto.so.1.0.0
MPT: Try: zypper install -C "debuginfo(build-id)=63a385acb8b045f7cfa7b53e2d9bfb745edc1693"
MPT: Missing separate debuginfo for /glade/u/apps/ch/os/lib64/libresolv.so.2
MPT: Try: zypper install -C "debuginfo(build-id)=89f1290f62c61ee8f268234c5cff893c1e99c751"
MPT: Missing separate debuginfo for /glade/u/apps/ch/os/lib64/libkeyutils.so.1
MPT: Try: zypper install -C "debuginfo(build-id)=8982882fa17c60fed02166f229335a9d0eaf77c9"
MPT: Missing separate debuginfo for /glade/u/apps/ch/os/lib64/libselinux.so.1
MPT: Try: zypper install -C "debuginfo(build-id)=0627d20b9e481e6a9c6fcacaf8e3f5c2318529cf"
MPT: 0x00002ad69f18d826 in waitpid ()
MPT:    from /glade/u/apps/ch/os/lib64/libpthread.so.0
MPT: Missing separate debuginfos, use: zypper install glibc-debuginfo-2.22-100.27.3.x86_64 krb5-debuginfo-1.12.5-40.37.7.x86_64 libatomic1-debuginfo-9.3.1+git1296-1.7.2.x86_64 libcom_err2-debuginfo-1.43.8-3.14.1.x86_64 libcurl4-debuginfo-7.60.0-4.15.2.x86_64 libibverbs-debuginfo-41mlnx1-OFED.4.7.0.0.2.47329.x86_64 libldap-2_4-2-debuginfo-2.4.41-18.71.2.x86_64 libmlx5-debuginfo-41mlnx1-OFED.4.7.0.3.3.47329.x86_64 libnghttp2-14-debuginfo-1.7.1-1.84.x86_64 libnl3-200-debuginfo-3.2.23-2.21.x86_64 libpcre1-debuginfo-8.39-8.3.1.x86_64 libsasl2-3-debuginfo-2.1.26-8.10.1.x86_64 libssh4-debuginfo-0.6.3-12.12.1.x86_64 libstdc++6-debuginfo-9.3.1+git1296-1.7.2.x86_64
MPT: (gdb) #0  0x00002ad69f18d826 in waitpid ()
MPT:    from /glade/u/apps/ch/os/lib64/libpthread.so.0
MPT: #1  0x00002ad69f4d2c66 in mpi_sgi_system (
MPT: #2  MPI_SGI_stacktraceback (
MPT:     header=header@entry=0x7ffd8c991550 "MPT ERROR: Rank 0(g:0) received signal SIGSEGV(11).\n\tProcess ID: 991, Host: r14i3n29, Program: /glade/scratch/dunlap/esmf-testing/nvhpc_22.2_mpt_g_release_8.3.0/test/testg/Linux.nvhpc.64.mpt.default/E"...) at sig.c:340
MPT: #3  0x00002ad69f4d2e66 in first_arriver_handler (signo=signo@entry=11, 
MPT:     stack_trace_sem=stack_trace_sem@entry=0x2ad6a6b80080) at sig.c:489
MPT: #4  0x00002ad69f4d30f3 in slave_sig_handler (signo=11, 
MPT:     siginfo=<optimized out>, extra=<optimized out>) at sig.c:565
MPT: #5  <signal handler called>
MPT: #6  0x00002ad69b35d434 in ESMCI::LogErr::MsgFoundError (rcToCheck=0, 
MPT:     msg=0x2ad69d0eb1ac <.S70880> "Internal subroutine call returned Error", 
MPT:     LINE=1755, FILE=0x2ad69d0eb19c <.S70882> "ESMCI_MeshCap.C", 
MPT:     method=0x2ad69d0eb026 <.S71238> "MeshCap::meshcreatenodedistgrid()", 
MPT:     rcToReturn=0x4f1b591)
MPT:     at /glade/scratch/dunlap/esmf-testing/nvhpc_22.2_mpt_g_release_8.3.0/src/Infrastructure/LogErr/src/ESMCI_LogErr.C:586
MPT: #7  0x00002ad69b57e83f in ESMCI::MeshCap::meshcreatenodedistgrid (
MPT:     rc=0x4f1b591)
MPT:     at /glade/scratch/dunlap/esmf-testing/nvhpc_22.2_mpt_g_release_8.3.0/src/Infrastructure/Mesh/src/ESMCI_MeshCap.C:1754
MPT: #8  0x00002ad69b5d1a81 in c_esmc_meshcreatenodedistgrid_ (
MPT:     meshpp=0x7ffd8c994d80, rc=0x7ffd8c992b9c)
MPT:     at /glade/scratch/dunlap/esmf-testing/nvhpc_22.2_mpt_g_release_8.3.0/src/Infrastructure/Mesh/interface/ESMCI_Mesh_F.C:247
MPT: #9  0x00002ad69c2a7b2c in esmf_meshmod::esmf_meshcreate1part (
MPT:     parametricdim=2, spatialdim=2, nodeids=..., nodecoords=..., 
MPT:     nodeowners=..., nodemask=..., nodaldistgrid=..., elementids=..., 
MPT:     elementtypes=..., elementconn=..., elementmask=..., elementarea=..., 
MPT:     elementcoords=..., elementdistgrid=..., coordsys=..., name=..., 
MPT:     rc=-1936107452)
MPT:     at /glade/scratch/dunlap/esmf-testing/nvhpc_22.2_mpt_g_release_8.3.0/src/Infrastructure/Mesh/interface/ESMF_Mesh.F90:1407
MPT: #10 0x000000000040aec8 in user_model1::user_initp1 (comp=..., 
MPT:     importstate=..., exportstate=..., clock=..., rc=18) at user_model1.F90:262
MPT: #11 0x00002ad69b1aabf0 in ESMCI::FTable::callVFuncPtr (
MPT:     name=0x20e0d10 "InitializeIC01P", vm_pointer=0x208f110, 
MPT:     userrc=0x7ffd8c995844)
MPT:     at /glade/scratch/dunlap/esmf-testing/nvhpc_22.2_mpt_g_release_8.3.0/src/Superstructure/Component/src/ESMCI_FTable.C:2167
MPT: #12 0x00002ad69b1a5e53 in ESMCI_FTableCallEntryPointVMHop (vm=0x208f110, 
MPT:     cargoCast=0x20e0d10)
MPT:     at /glade/scratch/dunlap/esmf-testing/nvhpc_22.2_mpt_g_release_8.3.0/src/Superstructure/Component/src/ESMCI_FTable.C:824
MPT: #13 0x00002ad69ba0fece in ESMCI::enter_callback (sarg=0x20b9a40, 
MPT:     mutex=0x208e6e0)
MPT:     at /glade/scratch/dunlap/esmf-testing/nvhpc_22.2_mpt_g_release_8.3.0/src/Infrastructure/VM/src/ESMCI_VMKernel.C:1112
MPT: #14 0x00002ad69b9fd094 in ESMCI::VMK::enter (vmp=0x208e100, arg=0x20b9a40, 
MPT:     argvmkt=0x20e0d10)
MPT:     at /glade/scratch/dunlap/esmf-testing/nvhpc_22.2_mpt_g_release_8.3.0/src/Infrastructure/VM/src/ESMCI_VMKernel.C:2423
MPT: #15 0x00002ad69ba24ebe in ESMCI::VM (vmp=0x208e100, info=0x20b9a40, 
MPT:     cargo=0x20e0d10)
MPT:     at /glade/scratch/dunlap/esmf-testing/nvhpc_22.2_mpt_g_release_8.3.0/src/Infrastructure/VM/src/ESMCI_VM.C:1216
MPT: #16 0x00002ad69b1a6313 in c_esmc_ftablecallentrypointvm_ (f90comp=0x20b66a0, 
MPT:     ptr_vm_parent=0x20b66c0, ptr_vmplan=0x20b6768, vm_info=0x20b6778, 
MPT:     vm_cargo=0x20b6780, ptr=0x20b5c10, 
MPT:     method=0x2ad69dff8728 <_esmf_compmod_8_+40>, phase=0x7ffd8c995dbc, 
MPT:     port=0x7ffd8c995db8, timeout=0x7ffd8c995db4, recursionCount=0x20b6788, 
MPT:     rc=0x7ffd8c995ddc)
MPT:     at /glade/scratch/dunlap/esmf-testing/nvhpc_22.2_mpt_g_release_8.3.0/src/Superstructure/Component/src/ESMCI_FTable.C:981
MPT: #17 0x00002ad69bd584e6 in esmf_compmod::esmf_compexecute (compp=0x20b5c10, 
MPT:     method=..., 
MPT:     importstate=<error reading variable: Cannot access memory at address 0x0>, exportstate=..., 
MPT:     clock=<error reading variable: Cannot access memory at address 0x0>, 
MPT:     syncflag=<error reading variable: Cannot access memory at address 0x0>, 
MPT:     phase=4531892, port=0, timeout=-1936105788, userrc=-1936102280, 
MPT:     rc=-1936105692)
MPT:     at /glade/scratch/dunlap/esmf-testing/nvhpc_22.2_mpt_g_release_8.3.0/src/Superstructure/Component/src/ESMF_Comp.F90:1222
MPT: #18 0x00002ad69c02b7de in esmf_gridcompmod::esmf_gridcompinitialize (
MPT:     gridcomp=..., keywordenforcer=..., 
MPT:     importstate=<error reading variable: Cannot access memory at address 0x0>, exportstate=..., 
MPT:     clock=<error reading variable: Cannot access memory at address 0x0>, 
MPT:     syncflag=<error reading variable: Cannot access memory at address 0x0>, 
MPT:     phase=4531892, timeout=0, timeoutflag=.FALSE., userrc=-1936102280, 
MPT:     rc=-1936100664)
MPT:     at /glade/scratch/dunlap/esmf-testing/nvhpc_22.2_mpt_g_release_8.3.0/src/Superstructure/Component/src/ESMF_GridComp.F90:1407
MPT: #19 0x00000000004126a1 in esmf_transfermeshstest ()
MPT:     at ESMF_TransferMeshSTest.F90:221
MPT: #20 0x00000000004075f3 in main ()
MPT: #21 0x00002ad6a1aefa35 in __libc_start_main ()
MPT:    from /glade/u/apps/ch/os/lib64/libc.so.6
MPT: #22 0x00000000004074e9 in _start () at ../sysdeps/x86_64/start.S:118
MPT: (gdb) A debugging session is active.
MPT: 
MPT: 	Inferior 1 [process 991] will be detached.
MPT: 
MPT: Quit anyway? (y or n) [answered Y; input not from terminal]
MPT: Detaching from program: /proc/991/exe, process 991
MPT: [Inferior 1 (process 991) detached]

MPT: -----stack traceback ends-----
MPT: On host r14i3n29, Program /glade/scratch/dunlap/esmf-testing/nvhpc_22.2_mpt_g_release_8.3.0/test/testg/Linux.nvhpc.64.mpt.default/ESMF_TransferMeshSTest, Rank 0, Process 991: Dumping core on signal SIGSEGV(11) into directory /glade/scratch/dunlap/esmf-testing/nvhpc_22.2_mpt_g_release_8.3.0/test/testg/Linux.nvhpc.64.mpt.default
MPT ERROR: MPI_COMM_WORLD rank 0 has terminated without calling MPI_Finalize()
	aborting job
MPT: Received signal 11
